#! /usr/bin/vvp
:ivl_version "11.0 (stable)";
:ivl_delay_selection "TYPICAL";
:vpi_time_precision + 0;
:vpi_module "/usr/lib/x86_64-linux-gnu/ivl/system.vpi";
:vpi_module "/usr/lib/x86_64-linux-gnu/ivl/vhdl_sys.vpi";
:vpi_module "/usr/lib/x86_64-linux-gnu/ivl/vhdl_textio.vpi";
:vpi_module "/usr/lib/x86_64-linux-gnu/ivl/v2005_math.vpi";
:vpi_module "/usr/lib/x86_64-linux-gnu/ivl/va_math.vpi";
S_0x644931caf7e0 .scope module, "gates_tb" "gates_tb" 2 1;
 .timescale 0 0;
v0x644931cc42e0_0 .var "a_tb", 0 0;
v0x644931cc43a0_0 .var "b_tb", 0 0;
v0x644931cc4440_0 .var "c_tb", 0 0;
v0x644931cc4510_0 .var "d_tb", 0 0;
v0x644931cc45e0_0 .var "e_tb", 0 0;
v0x644931cc4680_0 .var "f_tb", 0 0;
v0x644931cc4750_0 .net "out_1_tb", 0 0, L_0x644931cc4e80;  1 drivers
v0x644931cc4820_0 .net "out_2_tb", 0 0, L_0x644931cc4fc0;  1 drivers
S_0x644931caf970 .scope module, "u_gates" "gates" 2 12, 3 1 0, S_0x644931caf7e0;
 .timescale 0 0;
    .port_info 0 /INPUT 1 "a";
    .port_info 1 /INPUT 1 "b";
    .port_info 2 /INPUT 1 "c";
    .port_info 3 /INPUT 1 "d";
    .port_info 4 /INPUT 1 "e";
    .port_info 5 /INPUT 1 "f";
    .port_info 6 /OUTPUT 1 "out_1";
    .port_info 7 /OUTPUT 1 "out_2";
L_0x644931cc48f0 .functor OR 1, v0x644931cc42e0_0, v0x644931cc43a0_0, C4<0>, C4<0>;
L_0x644931cc4a30 .functor AND 1, v0x644931cc4440_0, v0x644931cc4510_0, C4<1>, C4<1>;
L_0x644931cc4c30 .functor XOR 1, L_0x644931cc48f0, L_0x644931cc4b40, C4<0>, C4<0>;
L_0x644931cc4d40 .functor OR 1, v0x644931cc45e0_0, L_0x644931cc4c30, C4<0>, C4<0>;
L_0x644931cc4fc0 .functor AND 1, v0x644931cc4680_0, L_0x644931cc4c30, C4<1>, C4<1>;
v0x644931c9e4a0_0 .net *"_ivl_2", 0 0, L_0x644931cc4a30;  1 drivers
v0x644931cc3890_0 .net *"_ivl_8", 0 0, L_0x644931cc4d40;  1 drivers
v0x644931cc3970_0 .net "a", 0 0, v0x644931cc42e0_0;  1 drivers
v0x644931cc3a10_0 .net "b", 0 0, v0x644931cc43a0_0;  1 drivers
v0x644931cc3ad0_0 .net "c", 0 0, v0x644931cc4440_0;  1 drivers
v0x644931cc3be0_0 .net "d", 0 0, v0x644931cc4510_0;  1 drivers
v0x644931cc3ca0_0 .net "e", 0 0, v0x644931cc45e0_0;  1 drivers
v0x644931cc3d60_0 .net "f", 0 0, v0x644931cc4680_0;  1 drivers
v0x644931cc3e20_0 .net "l", 0 0, L_0x644931cc48f0;  1 drivers
v0x644931cc3ee0_0 .net "m", 0 0, L_0x644931cc4b40;  1 drivers
v0x644931cc3fa0_0 .net "n", 0 0, L_0x644931cc4c30;  1 drivers
v0x644931cc4060_0 .net "out_1", 0 0, L_0x644931cc4e80;  alias, 1 drivers
v0x644931cc4120_0 .net "out_2", 0 0, L_0x644931cc4fc0;  alias, 1 drivers
L_0x644931cc4b40 .reduce/nor L_0x644931cc4a30;
L_0x644931cc4e80 .reduce/nor L_0x644931cc4d40;
    .scope S_0x644931caf7e0;
T_0 ;
    %pushi/vec4 0, 0, 1;
    %store/vec4 v0x644931cc42e0_0, 0, 1;
    %pushi/vec4 1, 0, 1;
    %store/vec4 v0x644931cc43a0_0, 0, 1;
    %pushi/vec4 0, 0, 1;
    %store/vec4 v0x644931cc4440_0, 0, 1;
    %pushi/vec4 1, 0, 1;
    %store/vec4 v0x644931cc4510_0, 0, 1;
    %pushi/vec4 1, 0, 1;
    %store/vec4 v0x644931cc45e0_0, 0, 1;
    %pushi/vec4 1, 0, 1;
    %store/vec4 v0x644931cc4680_0, 0, 1;
    %delay 5, 0;
    %end;
    .thread T_0;
    .scope S_0x644931caf7e0;
T_1 ;
    %vpi_call 2 34 "$dumpfile", "gates.vcd" {0 0 0};
    %vpi_call 2 35 "$dumpvars", 32'sb00000000000000000000000000000000, S_0x644931caf7e0 {0 0 0};
    %end;
    .thread T_1;
# The file index is used to find the file name in the following table.
:file_names 4;
    "N/A";
    "<interactive>";
    "gates_tb.v";
    "gates.v";
