#! /usr/bin/vvp
:ivl_version "11.0 (stable)";
:ivl_delay_selection "TYPICAL";
:vpi_time_precision + 0;
:vpi_module "/usr/lib/x86_64-linux-gnu/ivl/system.vpi";
:vpi_module "/usr/lib/x86_64-linux-gnu/ivl/vhdl_sys.vpi";
:vpi_module "/usr/lib/x86_64-linux-gnu/ivl/vhdl_textio.vpi";
:vpi_module "/usr/lib/x86_64-linux-gnu/ivl/v2005_math.vpi";
:vpi_module "/usr/lib/x86_64-linux-gnu/ivl/va_math.vpi";
S_0x5c76a0a941a0 .scope module, "halfadder" "halfadder" 2 1;
 .timescale 0 0;
    .port_info 0 /INPUT 1 "a";
    .port_info 1 /INPUT 1 "b";
    .port_info 2 /OUTPUT 1 "sum";
    .port_info 3 /OUTPUT 1 "carry";
o0x794176ae8018 .functor BUFZ 1, C4<z>; HiZ drive
o0x794176ae8048 .functor BUFZ 1, C4<z>; HiZ drive
L_0x5c76a0ab5bb0 .functor XOR 1, o0x794176ae8018, o0x794176ae8048, C4<0>, C4<0>;
L_0x5c76a0ab5ca0 .functor AND 1, o0x794176ae8018, o0x794176ae8048, C4<1>, C4<1>;
v0x5c76a0a943a0_0 .net "a", 0 0, o0x794176ae8018;  0 drivers
v0x5c76a0ab58b0_0 .net "b", 0 0, o0x794176ae8048;  0 drivers
v0x5c76a0ab5970_0 .net "carry", 0 0, L_0x5c76a0ab5ca0;  1 drivers
v0x5c76a0ab5a40_0 .net "sum", 0 0, L_0x5c76a0ab5bb0;  1 drivers
# The file index is used to find the file name in the following table.
:file_names 3;
    "N/A";
    "<interactive>";
    "halfadder.v";
