#! /usr/bin/vvp
:ivl_version "11.0 (stable)";
:ivl_delay_selection "TYPICAL";
:vpi_time_precision + 0;
:vpi_module "/usr/lib/x86_64-linux-gnu/ivl/system.vpi";
:vpi_module "/usr/lib/x86_64-linux-gnu/ivl/vhdl_sys.vpi";
:vpi_module "/usr/lib/x86_64-linux-gnu/ivl/vhdl_textio.vpi";
:vpi_module "/usr/lib/x86_64-linux-gnu/ivl/v2005_math.vpi";
:vpi_module "/usr/lib/x86_64-linux-gnu/ivl/va_math.vpi";
S_0x5940e8692090 .scope module, "halfadder_tb" "halfadder_tb" 2 1;
 .timescale 0 0;
v0x5940e86a4600_0 .var "a_tb", 0 0;
v0x5940e86a46c0_0 .var "b_tb", 0 0;
v0x5940e86a4790_0 .net "out_1_tb", 0 0, L_0x5940e86a4960;  1 drivers
v0x5940e86a4890_0 .net "out_2_tb", 0 0, L_0x5940e86a4ac0;  1 drivers
S_0x5940e8692220 .scope module, "u_halfadder" "halfadder" 2 8, 3 1 0, S_0x5940e8692090;
 .timescale 0 0;
    .port_info 0 /INPUT 1 "a";
    .port_info 1 /INPUT 1 "b";
    .port_info 2 /OUTPUT 1 "sum";
    .port_info 3 /OUTPUT 1 "carry";
L_0x5940e86a4960 .functor XOR 1, v0x5940e86a4600_0, v0x5940e86a46c0_0, C4<0>, C4<0>;
L_0x5940e86a4ac0 .functor AND 1, v0x5940e86a4600_0, v0x5940e86a46c0_0, C4<1>, C4<1>;
v0x5940e86802b0_0 .net "a", 0 0, v0x5940e86a4600_0;  1 drivers
v0x5940e86a4360_0 .net "b", 0 0, v0x5940e86a46c0_0;  1 drivers
v0x5940e86a4420_0 .net "carry", 0 0, L_0x5940e86a4ac0;  alias, 1 drivers
v0x5940e86a44c0_0 .net "sum", 0 0, L_0x5940e86a4960;  alias, 1 drivers
    .scope S_0x5940e8692090;
T_0 ;
    %pushi/vec4 0, 0, 1;
    %store/vec4 v0x5940e86a4600_0, 0, 1;
    %pushi/vec4 0, 0, 1;
    %store/vec4 v0x5940e86a46c0_0, 0, 1;
    %delay 5, 0;
    %pushi/vec4 0, 0, 1;
    %store/vec4 v0x5940e86a4600_0, 0, 1;
    %pushi/vec4 1, 0, 1;
    %store/vec4 v0x5940e86a46c0_0, 0, 1;
    %delay 5, 0;
    %pushi/vec4 1, 0, 1;
    %store/vec4 v0x5940e86a4600_0, 0, 1;
    %pushi/vec4 0, 0, 1;
    %store/vec4 v0x5940e86a46c0_0, 0, 1;
    %delay 5, 0;
    %pushi/vec4 1, 0, 1;
    %store/vec4 v0x5940e86a4600_0, 0, 1;
    %pushi/vec4 1, 0, 1;
    %store/vec4 v0x5940e86a46c0_0, 0, 1;
    %delay 5, 0;
    %end;
    .thread T_0;
    .scope S_0x5940e8692090;
T_1 ;
    %vpi_call 2 31 "$dumpfile", "halfadder.vcd" {0 0 0};
    %vpi_call 2 32 "$dumpvars", 32'sb00000000000000000000000000000000, S_0x5940e8692090 {0 0 0};
    %end;
    .thread T_1;
# The file index is used to find the file name in the following table.
:file_names 4;
    "N/A";
    "<interactive>";
    "halfadder_tb.v";
    "halfadder.v";
